# JRE version: Java(TM) SE Runtime Environment (8.0_45-b15) (build 1.8.0_45-b15)
# Java VM: Java HotSpot(TM) 64-Bit Server VM (25.45-b02 mixed mode windows-amd64 compressed oops)
Heap:
 PSYoungGen      total 47104K, used 25064K [0x00000007bc400000, 0x00000007c0000000, 0x00000007c0000000)
  eden space 36864K, 41% used [0x00000007bc400000,0x00000007bd2c3430,0x00000007be800000)
  from space 10240K, 97% used [0x00000007be800000,0x00000007bf1b6e78,0x00000007bf200000)
  to   space 13312K, 0% used [0x00000007bf300000,0x00000007bf300000,0x00000007c0000000)
 ParOldGen       total 153600K, used 35386K [0x0000000700000000, 0x0000000709600000, 0x00000007bc400000)
  object space 153600K, 23% used [0x0000000700000000,0x000000070228e968,0x0000000709600000)
 Metaspace       used 54363K, capacity 54683K, committed 55216K, reserved 1095680K
  class space    used 7899K, capacity 7991K, committed 8112K, reserved 1048576K
GC Heap History (10 events):
Event: 13.724 GC heap before
{Heap before GC invocations=26 (full 3):
 PSYoungGen      total 47104K, used 36569K [0x00000007bc400000, 0x00000007c0000000, 0x00000007c0000000)
  eden space 31744K, 100% used [0x00000007bc400000,0x00000007be300000,0x00000007be300000)
  from space 15360K, 31% used [0x00000007bf100000,0x00000007bf5b6480,0x00000007c0000000)
  to   space 14336K, 0% used [0x00000007be300000,0x00000007be300000,0x00000007bf100000)
 ParOldGen       total 153600K, used 35346K [0x0000000700000000, 0x0000000709600000, 0x00000007bc400000)
  object space 153600K, 23% used [0x0000000700000000,0x0000000702284968,0x0000000709600000)
 Metaspace       used 52418K, capacity 52731K, committed 53296K, reserved 1095680K
  class space    used 7623K, capacity 7703K, committed 7728K, reserved 1048576K
Event: 13.736 GC heap after
Heap after GC invocations=26 (full 3):
 PSYoungGen      total 46080K, used 4953K [0x00000007bc400000, 0x00000007c0000000, 0x00000007c0000000)
  eden space 31744K, 0% used [0x00000007bc400000,0x00000007bc400000,0x00000007be300000)
  from space 14336K, 34% used [0x00000007be300000,0x00000007be7d67d8,0x00000007bf100000)
  to   space 13824K, 0% used [0x00000007bf280000,0x00000007bf280000,0x00000007c0000000)
 ParOldGen       total 153600K, used 35354K [0x0000000700000000, 0x0000000709600000, 0x00000007bc400000)
  object space 153600K, 23% used [0x0000000700000000,0x0000000702286968,0x0000000709600000)
 Metaspace       used 52418K, capacity 52731K, committed 53296K, reserved 1095680K
  class space    used 7623K, capacity 7703K, committed 7728K, reserved 1048576K
}
Event: 15.079 GC heap before
{Heap before GC invocations=27 (full 3):
 PSYoungGen      total 46080K, used 36697K [0x00000007bc400000, 0x00000007c0000000, 0x00000007c0000000)
  eden space 31744K, 100% used [0x00000007bc400000,0x00000007be300000,0x00000007be300000)
  from space 14336K, 34% used [0x00000007be300000,0x00000007be7d67d8,0x00000007bf100000)
  to   space 13824K, 0% used [0x00000007bf280000,0x00000007bf280000,0x00000007c0000000)
 ParOldGen       total 153600K, used 35354K [0x0000000700000000, 0x0000000709600000, 0x00000007bc400000)
  object space 153600K, 23% used [0x0000000700000000,0x0000000702286968,0x0000000709600000)
 Metaspace       used 52443K, capacity 52795K, committed 53296K, reserved 1095680K
  class space    used 7624K, capacity 7703K, committed 7728K, reserved 1048576K
Event: 15.084 GC heap after
Heap after GC invocations=27 (full 3):
 PSYoungGen      total 48640K, used 4610K [0x00000007bc400000, 0x00000007c0000000, 0x00000007c0000000)
  eden space 34816K, 0% used [0x00000007bc400000,0x00000007bc400000,0x00000007be600000)
  from space 13824K, 33% used [0x00000007bf280000,0x00000007bf700b58,0x00000007c0000000)
  to   space 12800K, 0% used [0x00000007be600000,0x00000007be600000,0x00000007bf280000)
 ParOldGen       total 153600K, used 35362K [0x0000000700000000, 0x0000000709600000, 0x00000007bc400000)
  object space 153600K, 23% used [0x0000000700000000,0x0000000702288968,0x0000000709600000)
 Metaspace       used 52443K, capacity 52795K, committed 53296K, reserved 1095680K
  class space    used 7624K, capacity 7703K, committed 7728K, reserved 1048576K
}
Event: 15.285 GC heap before
{Heap before GC invocations=28 (full 3):
 PSYoungGen      total 48640K, used 39426K [0x00000007bc400000, 0x00000007c0000000, 0x00000007c0000000)
  eden space 34816K, 100% used [0x00000007bc400000,0x00000007be600000,0x00000007be600000)
  from space 13824K, 33% used [0x00000007bf280000,0x00000007bf700b58,0x00000007c0000000)
  to   space 12800K, 0% used [0x00000007be600000,0x00000007be600000,0x00000007bf280000)
 ParOldGen       total 153600K, used 35362K [0x0000000700000000, 0x0000000709600000, 0x00000007bc400000)
  object space 153600K, 23% used [0x0000000700000000,0x0000000702288968,0x0000000709600000)
 Metaspace       used 52454K, capacity 52795K, committed 53296K, reserved 1095680K
  class space    used 7624K, capacity 7703K, committed 7728K, reserved 1048576K
Event: 15.291 GC heap after
Heap after GC invocations=28 (full 3):
 PSYoungGen      total 47616K, used 4543K [0x00000007bc400000, 0x00000007c0000000, 0x00000007c0000000)
  eden space 34816K, 0% used [0x00000007bc400000,0x00000007bc400000,0x00000007be600000)
  from space 12800K, 35% used [0x00000007be600000,0x00000007bea6fc28,0x00000007bf280000)
  to   space 12288K, 0% used [0x00000007bf400000,0x00000007bf400000,0x00000007c0000000)
 ParOldGen       total 153600K, used 35370K [0x0000000700000000, 0x0000000709600000, 0x00000007bc400000)
  object space 153600K, 23% used [0x0000000700000000,0x000000070228a968,0x0000000709600000)
 Metaspace       used 52454K, capacity 52795K, committed 53296K, reserved 1095680K
  class space    used 7624K, capacity 7703K, committed 7728K, reserved 1048576K
}
Event: 16.216 GC heap before
{Heap before GC invocations=29 (full 3):
 PSYoungGen      total 47616K, used 39359K [0x00000007bc400000, 0x00000007c0000000, 0x00000007c0000000)
  eden space 34816K, 100% used [0x00000007bc400000,0x00000007be600000,0x00000007be600000)
  from space 12800K, 35% used [0x00000007be600000,0x00000007bea6fc28,0x00000007bf280000)
  to   space 12288K, 0% used [0x00000007bf400000,0x00000007bf400000,0x00000007c0000000)
 ParOldGen       total 153600K, used 35370K [0x0000000700000000, 0x0000000709600000, 0x00000007bc400000)
  object space 153600K, 23% used [0x0000000700000000,0x000000070228a968,0x0000000709600000)
 Metaspace       used 53311K, capacity 53627K, committed 54064K, reserved 1095680K
  class space    used 7815K, capacity 7895K, committed 7984K, reserved 1048576K
Event: 16.224 GC heap after
Heap after GC invocations=29 (full 3):
 PSYoungGen      total 49152K, used 7661K [0x00000007bc400000, 0x00000007c0000000, 0x00000007c0000000)
  eden space 36864K, 0% used [0x00000007bc400000,0x00000007bc400000,0x00000007be800000)
  from space 12288K, 62% used [0x00000007bf400000,0x00000007bfb7b4a8,0x00000007c0000000)
  to   space 12288K, 0% used [0x00000007be800000,0x00000007be800000,0x00000007bf400000)
 ParOldGen       total 153600K, used 35378K [0x0000000700000000, 0x0000000709600000, 0x00000007bc400000)
  object space 153600K, 23% used [0x0000000700000000,0x000000070228c968,0x0000000709600000)
 Metaspace       used 53311K, capacity 53627K, committed 54064K, reserved 1095680K
  class space    used 7815K, capacity 7895K, committed 7984K, reserved 1048576K
}
Event: 21.538 GC heap before
{Heap before GC invocations=30 (full 3):
 PSYoungGen      total 49152K, used 44525K [0x00000007bc400000, 0x00000007c0000000, 0x00000007c0000000)
  eden space 36864K, 100% used [0x00000007bc400000,0x00000007be800000,0x00000007be800000)
  from space 12288K, 62% used [0x00000007bf400000,0x00000007bfb7b4a8,0x00000007c0000000)
  to   space 12288K, 0% used [0x00000007be800000,0x00000007be800000,0x00000007bf400000)
 ParOldGen       total 153600K, used 35378K [0x0000000700000000, 0x0000000709600000, 0x00000007bc400000)
  object space 153600K, 23% used [0x0000000700000000,0x000000070228c968,0x0000000709600000)
 Metaspace       used 54318K, capacity 54683K, committed 55216K, reserved 1095680K
  class space    used 7897K, capacity 7991K, committed 8112K, reserved 1048576K
Event: 21.548 GC heap after
Heap after GC invocations=30 (full 3):
 PSYoungGen      total 47104K, used 9947K [0x00000007bc400000, 0x00000007c0000000, 0x00000007c0000000)
  eden space 36864K, 0% used [0x00000007bc400000,0x00000007bc400000,0x00000007be800000)
  from space 10240K, 97% used [0x00000007be800000,0x00000007bf1b6e78,0x00000007bf200000)
  to   space 13312K, 0% used [0x00000007bf300000,0x00000007bf300000,0x00000007c0000000)
 ParOldGen       total 153600K, used 35386K [0x0000000700000000, 0x0000000709600000, 0x00000007bc400000)
  object space 153600K, 23% used [0x0000000700000000,0x000000070228e968,0x0000000709600000)
 Metaspace       used 54318K, capacity 54683K, committed 55216K, reserved 1095680K
  class space    used 7897K, capacity 7991K, committed 8112K, reserved 1048576K
}

