# JRE version: Java(TM) SE Runtime Environment (8.0_45-b15) (build 1.8.0_45-b15)
# Java VM: Java HotSpot(TM) 64-Bit Server VM (25.45-b02 mixed mode windows-amd64 compressed oops)
Heap:
 PSYoungGen      total 50688K, used 15764K [0x00000007bc400000, 0x00000007c0000000, 0x00000007c0000000)
  eden space 39936K, 32% used [0x00000007bc400000,0x00000007bd07f340,0x00000007beb00000)
  from space 10752K, 27% used [0x00000007beb00000,0x00000007bede5fc8,0x00000007bf580000)
  to   space 9728K, 0% used [0x00000007bf680000,0x00000007bf680000,0x00000007c0000000)
 ParOldGen       total 165376K, used 64366K [0x0000000700000000, 0x000000070a180000, 0x00000007bc400000)
  object space 165376K, 38% used [0x0000000700000000,0x0000000703edb8c8,0x000000070a180000)
 Metaspace       used 60733K, capacity 61123K, committed 61696K, reserved 1101824K
  class space    used 8733K, capacity 8839K, committed 8960K, reserved 1048576K
GC Heap History (10 events):
Event: 523.919 GC heap before
{Heap before GC invocations=83 (full 6):
 PSYoungGen      total 48128K, used 36555K [0x00000007bc400000, 0x00000007c0000000, 0x00000007c0000000)
  eden space 34304K, 100% used [0x00000007bc400000,0x00000007be580000,0x00000007be580000)
  from space 13824K, 16% used [0x00000007bf280000,0x00000007bf4b2cb0,0x00000007c0000000)
  to   space 13312K, 0% used [0x00000007be580000,0x00000007be580000,0x00000007bf280000)
 ParOldGen       total 165376K, used 64366K [0x0000000700000000, 0x000000070a180000, 0x00000007bc400000)
  object space 165376K, 38% used [0x0000000700000000,0x0000000703edb890,0x000000070a180000)
 Metaspace       used 60586K, capacity 60957K, committed 61568K, reserved 1101824K
  class space    used 8723K, capacity 8806K, committed 8832K, reserved 1048576K
Event: 523.925 GC heap after
Heap after GC invocations=83 (full 6):
 PSYoungGen      total 47616K, used 2189K [0x00000007bc400000, 0x00000007c0000000, 0x00000007c0000000)
  eden space 34304K, 0% used [0x00000007bc400000,0x00000007bc400000,0x00000007be580000)
  from space 13312K, 16% used [0x00000007be580000,0x00000007be7a3638,0x00000007bf280000)
  to   space 12288K, 0% used [0x00000007bf400000,0x00000007bf400000,0x00000007c0000000)
 ParOldGen       total 165376K, used 64366K [0x0000000700000000, 0x000000070a180000, 0x00000007bc400000)
  object space 165376K, 38% used [0x0000000700000000,0x0000000703edb890,0x000000070a180000)
 Metaspace       used 60586K, capacity 60957K, committed 61568K, reserved 1101824K
  class space    used 8723K, capacity 8806K, committed 8832K, reserved 1048576K
}
Event: 524.379 GC heap before
{Heap before GC invocations=84 (full 6):
 PSYoungGen      total 47616K, used 36493K [0x00000007bc400000, 0x00000007c0000000, 0x00000007c0000000)
  eden space 34304K, 100% used [0x00000007bc400000,0x00000007be580000,0x00000007be580000)
  from space 13312K, 16% used [0x00000007be580000,0x00000007be7a3638,0x00000007bf280000)
  to   space 12288K, 0% used [0x00000007bf400000,0x00000007bf400000,0x00000007c0000000)
 ParOldGen       total 165376K, used 64366K [0x0000000700000000, 0x000000070a180000, 0x00000007bc400000)
  object space 165376K, 38% used [0x0000000700000000,0x0000000703edb890,0x000000070a180000)
 Metaspace       used 60587K, capacity 60957K, committed 61568K, reserved 1101824K
  class space    used 8723K, capacity 8806K, committed 8832K, reserved 1048576K
Event: 524.384 GC heap after
Heap after GC invocations=84 (full 6):
 PSYoungGen      total 49664K, used 1997K [0x00000007bc400000, 0x00000007c0000000, 0x00000007c0000000)
  eden space 37376K, 0% used [0x00000007bc400000,0x00000007bc400000,0x00000007be880000)
  from space 12288K, 16% used [0x00000007bf400000,0x00000007bf5f3638,0x00000007c0000000)
  to   space 11776K, 0% used [0x00000007be880000,0x00000007be880000,0x00000007bf400000)
 ParOldGen       total 165376K, used 64366K [0x0000000700000000, 0x000000070a180000, 0x00000007bc400000)
  object space 165376K, 38% used [0x0000000700000000,0x0000000703edb890,0x000000070a180000)
 Metaspace       used 60587K, capacity 60957K, committed 61568K, reserved 1101824K
  class space    used 8723K, capacity 8806K, committed 8832K, reserved 1048576K
}
Event: 529.591 GC heap before
{Heap before GC invocations=85 (full 6):
 PSYoungGen      total 49664K, used 39373K [0x00000007bc400000, 0x00000007c0000000, 0x00000007c0000000)
  eden space 37376K, 100% used [0x00000007bc400000,0x00000007be880000,0x00000007be880000)
  from space 12288K, 16% used [0x00000007bf400000,0x00000007bf5f3638,0x00000007c0000000)
  to   space 11776K, 0% used [0x00000007be880000,0x00000007be880000,0x00000007bf400000)
 ParOldGen       total 165376K, used 64366K [0x0000000700000000, 0x000000070a180000, 0x00000007bc400000)
  object space 165376K, 38% used [0x0000000700000000,0x0000000703edb890,0x000000070a180000)
 Metaspace       used 60588K, capacity 60957K, committed 61568K, reserved 1101824K
  class space    used 8723K, capacity 8806K, committed 8832K, reserved 1048576K
Event: 529.597 GC heap after
Heap after GC invocations=85 (full 6):
 PSYoungGen      total 49152K, used 1965K [0x00000007bc400000, 0x00000007c0000000, 0x00000007c0000000)
  eden space 37376K, 0% used [0x00000007bc400000,0x00000007bc400000,0x00000007be880000)
  from space 11776K, 16% used [0x00000007be880000,0x00000007bea6b638,0x00000007bf400000)
  to   space 10752K, 0% used [0x00000007bf580000,0x00000007bf580000,0x00000007c0000000)
 ParOldGen       total 165376K, used 64366K [0x0000000700000000, 0x000000070a180000, 0x00000007bc400000)
  object space 165376K, 38% used [0x0000000700000000,0x0000000703edb890,0x000000070a180000)
 Metaspace       used 60588K, capacity 60957K, committed 61568K, reserved 1101824K
  class space    used 8723K, capacity 8806K, committed 8832K, reserved 1048576K
}
Event: 872.684 GC heap before
{Heap before GC invocations=86 (full 6):
 PSYoungGen      total 49152K, used 39341K [0x00000007bc400000, 0x00000007c0000000, 0x00000007c0000000)
  eden space 37376K, 100% used [0x00000007bc400000,0x00000007be880000,0x00000007be880000)
  from space 11776K, 16% used [0x00000007be880000,0x00000007bea6b638,0x00000007bf400000)
  to   space 10752K, 0% used [0x00000007bf580000,0x00000007bf580000,0x00000007c0000000)
 ParOldGen       total 165376K, used 64366K [0x0000000700000000, 0x000000070a180000, 0x00000007bc400000)
  object space 165376K, 38% used [0x0000000700000000,0x0000000703edb890,0x000000070a180000)
 Metaspace       used 60631K, capacity 60963K, committed 61568K, reserved 1101824K
  class space    used 8724K, capacity 8807K, committed 8832K, reserved 1048576K
Event: 872.691 GC heap after
Heap after GC invocations=86 (full 6):
 PSYoungGen      total 50688K, used 4416K [0x00000007bc400000, 0x00000007c0000000, 0x00000007c0000000)
  eden space 39936K, 0% used [0x00000007bc400000,0x00000007bc400000,0x00000007beb00000)
  from space 10752K, 41% used [0x00000007bf580000,0x00000007bf9d0338,0x00000007c0000000)
  to   space 10752K, 0% used [0x00000007beb00000,0x00000007beb00000,0x00000007bf580000)
 ParOldGen       total 165376K, used 64366K [0x0000000700000000, 0x000000070a180000, 0x00000007bc400000)
  object space 165376K, 38% used [0x0000000700000000,0x0000000703edb890,0x000000070a180000)
 Metaspace       used 60631K, capacity 60963K, committed 61568K, reserved 1101824K
  class space    used 8724K, capacity 8807K, committed 8832K, reserved 1048576K
}
Event: 877.542 GC heap before
{Heap before GC invocations=87 (full 6):
 PSYoungGen      total 50688K, used 44352K [0x00000007bc400000, 0x00000007c0000000, 0x00000007c0000000)
  eden space 39936K, 100% used [0x00000007bc400000,0x00000007beb00000,0x00000007beb00000)
  from space 10752K, 41% used [0x00000007bf580000,0x00000007bf9d0338,0x00000007c0000000)
  to   space 10752K, 0% used [0x00000007beb00000,0x00000007beb00000,0x00000007bf580000)
 ParOldGen       total 165376K, used 64366K [0x0000000700000000, 0x000000070a180000, 0x00000007bc400000)
  object space 165376K, 38% used [0x0000000700000000,0x0000000703edb8c8,0x000000070a180000)
 Metaspace       used 60674K, capacity 61027K, committed 61568K, reserved 1101824K
  class space    used 8725K, capacity 8807K, committed 8832K, reserved 1048576K
Event: 877.549 GC heap after
Heap after GC invocations=87 (full 6):
 PSYoungGen      total 50688K, used 2967K [0x00000007bc400000, 0x00000007c0000000, 0x00000007c0000000)
  eden space 39936K, 0% used [0x00000007bc400000,0x00000007bc400000,0x00000007beb00000)
  from space 10752K, 27% used [0x00000007beb00000,0x00000007bede5fc8,0x00000007bf580000)
  to   space 9728K, 0% used [0x00000007bf680000,0x00000007bf680000,0x00000007c0000000)
 ParOldGen       total 165376K, used 64366K [0x0000000700000000, 0x000000070a180000, 0x00000007bc400000)
  object space 165376K, 38% used [0x0000000700000000,0x0000000703edb8c8,0x000000070a180000)
 Metaspace       used 60674K, capacity 61027K, committed 61568K, reserved 1101824K
  class space    used 8725K, capacity 8807K, committed 8832K, reserved 1048576K
}

